<?xml version="1.0" encoding="UTF-8"?>
<testng-results ignored="0" total="1" passed="1" failed="0" skipped="0">
  <reporter-output>
  </reporter-output>
  <suite started-at="2023-02-06T20:38:57 IST" name="Default suite" finished-at="2023-02-06T20:38:58 IST" duration-ms="1243">
    <groups>
      <group name="cucumber">
        <method signature="AbstractTestNGCucumberTests.runScenario(io.cucumber.testng.PickleWrapper,io.cucumber.testng.FeatureWrapper)[pri:0, instance:io.testing.tables.datatables.TestDataTableRunner@41a0aa7d]" name="runScenario" class="io.cucumber.testng.AbstractTestNGCucumberTests"/>
      </group> <!-- cucumber -->
    </groups>
    <test started-at="2023-02-06T20:38:57 IST" name="Default test" finished-at="2023-02-06T20:38:58 IST" duration-ms="1243">
      <class name="io.testing.tables.datatables.TestDataTableRunner">
        <test-method is-config="true" signature="setUpClass(org.testng.ITestContext)[pri:0, instance:io.testing.tables.datatables.TestDataTableRunner@41a0aa7d]" started-at="2023-02-06T20:38:57 IST" name="setUpClass" finished-at="2023-02-06T20:38:57 IST" duration-ms="152" status="PASS">
          <params>
            <param index="0">
              <value>
                <![CDATA[org.testng.TestRunner@3062f9f4]]>
              </value>
            </param>
          </params>
          <reporter-output>
          </reporter-output>
        </test-method> <!-- setUpClass -->
        <test-method signature="runScenario(io.cucumber.testng.PickleWrapper,io.cucumber.testng.FeatureWrapper)[pri:0, instance:io.testing.tables.datatables.TestDataTableRunner@41a0aa7d]" started-at="2023-02-06T20:38:57 IST" name="runScenario" description="Runs Cucumber Scenarios" data-provider="scenarios" finished-at="2023-02-06T20:38:58 IST" duration-ms="1051" status="PASS">
          <params>
            <param index="0">
              <value>
                <![CDATA["Convert the data table to the user define type"]]>
              </value>
            </param>
            <param index="1">
              <value>
                <![CDATA["Read the data from external file system and transform it"]]>
              </value>
            </param>
          </params>
          <reporter-output>
          </reporter-output>
        </test-method> <!-- runScenario -->
        <test-method is-config="true" signature="tearDownClass()[pri:0, instance:io.testing.tables.datatables.TestDataTableRunner@41a0aa7d]" started-at="2023-02-06T20:38:58 IST" name="tearDownClass" finished-at="2023-02-06T20:38:58 IST" duration-ms="4" status="PASS">
          <reporter-output>
          </reporter-output>
        </test-method> <!-- tearDownClass -->
      </class> <!-- io.testing.tables.datatables.TestDataTableRunner -->
    </test> <!-- Default test -->
  </suite> <!-- Default suite -->
</testng-results>
